{"C:\\Users\\GrupoITSS\\Documents\\GitHub\\fc4-tdd\\src\\domain\\entities\\booking\\booking.ts": {"path":"C:\\Users\\GrupoITSS\\Documents\\GitHub\\fc4-tdd\\src\\domain\\entities\\booking\\booking.ts","statementMap":{"0":{"start":{"line":11,"column":12},"end":{"line":11,"column":null}},"1":{"start":{"line":15,"column":8},"end":{"line":15,"column":null}},"2":{"start":{"line":16,"column":8},"end":{"line":16,"column":33}},"3":{"start":{"line":17,"column":8},"end":{"line":17,"column":25}},"4":{"start":{"line":18,"column":8},"end":{"line":18,"column":35}},"5":{"start":{"line":19,"column":8},"end":{"line":19,"column":27}},"6":{"start":{"line":20,"column":8},"end":{"line":20,"column":null}},"7":{"start":{"line":21,"column":8},"end":{"line":21,"column":null}},"8":{"start":{"line":22,"column":8},"end":{"line":22,"column":29}},"9":{"start":{"line":23,"column":8},"end":{"line":23,"column":null}},"10":{"start":{"line":27,"column":8},"end":{"line":27,"column":null}},"11":{"start":{"line":31,"column":8},"end":{"line":31,"column":23}},"12":{"start":{"line":35,"column":8},"end":{"line":35,"column":29}},"13":{"start":{"line":39,"column":8},"end":{"line":39,"column":25}},"14":{"start":{"line":43,"column":8},"end":{"line":43,"column":30}},"15":{"start":{"line":47,"column":8},"end":{"line":47,"column":27}},"16":{"start":{"line":51,"column":8},"end":{"line":51,"column":null}},"17":{"start":{"line":55,"column":8},"end":{"line":57,"column":9}},"18":{"start":{"line":56,"column":12},"end":{"line":56,"column":null}},"19":{"start":{"line":61,"column":8},"end":{"line":63,"column":9}},"20":{"start":{"line":62,"column":12},"end":{"line":62,"column":null}},"21":{"start":{"line":5,"column":0},"end":{"line":5,"column":13}}},"fnMap":{"0":{"name":"(anonymous_0)","decl":{"start":{"line":14,"column":4},"end":{"line":14,"column":16}},"loc":{"start":{"line":14,"column":83},"end":{"line":28,"column":5}}},"1":{"name":"(anonymous_1)","decl":{"start":{"line":30,"column":4},"end":{"line":30,"column":9}},"loc":{"start":{"line":30,"column":9},"end":{"line":32,"column":5}}},"2":{"name":"(anonymous_2)","decl":{"start":{"line":34,"column":4},"end":{"line":34,"column":15}},"loc":{"start":{"line":34,"column":15},"end":{"line":36,"column":5}}},"3":{"name":"(anonymous_3)","decl":{"start":{"line":38,"column":4},"end":{"line":38,"column":11}},"loc":{"start":{"line":38,"column":11},"end":{"line":40,"column":5}}},"4":{"name":"(anonymous_4)","decl":{"start":{"line":42,"column":4},"end":{"line":42,"column":16}},"loc":{"start":{"line":42,"column":16},"end":{"line":44,"column":5}}},"5":{"name":"(anonymous_5)","decl":{"start":{"line":46,"column":4},"end":{"line":46,"column":13}},"loc":{"start":{"line":46,"column":13},"end":{"line":48,"column":5}}},"6":{"name":"(anonymous_6)","decl":{"start":{"line":50,"column":4},"end":{"line":50,"column":17}},"loc":{"start":{"line":50,"column":17},"end":{"line":52,"column":5}}},"7":{"name":"(anonymous_7)","decl":{"start":{"line":54,"column":12},"end":{"line":54,"column":25}},"loc":{"start":{"line":54,"column":25},"end":{"line":58,"column":5}}},"8":{"name":"(anonymous_8)","decl":{"start":{"line":60,"column":12},"end":{"line":60,"column":31}},"loc":{"start":{"line":60,"column":31},"end":{"line":64,"column":5}}}},"branchMap":{"0":{"loc":{"start":{"line":55,"column":8},"end":{"line":57,"column":9}},"type":"if","locations":[{"start":{"line":55,"column":8},"end":{"line":57,"column":9}},{"start":{},"end":{}}]},"1":{"loc":{"start":{"line":61,"column":8},"end":{"line":63,"column":9}},"type":"if","locations":[{"start":{"line":61,"column":8},"end":{"line":63,"column":9}},{"start":{},"end":{}}]}},"s":{"0":7,"1":7,"2":7,"3":7,"4":7,"5":7,"6":7,"7":7,"8":7,"9":6,"10":5,"11":4,"12":1,"13":1,"14":3,"15":3,"16":8,"17":7,"18":1,"19":6,"20":1,"21":1},"f":{"0":7,"1":4,"2":1,"3":1,"4":3,"5":3,"6":8,"7":7,"8":6},"b":{"0":[1,6],"1":[1,5]}}
,"C:\\Users\\GrupoITSS\\Documents\\GitHub\\fc4-tdd\\src\\domain\\entities\\property\\property.ts": {"path":"C:\\Users\\GrupoITSS\\Documents\\GitHub\\fc4-tdd\\src\\domain\\entities\\property\\property.ts","statementMap":{"0":{"start":{"line":8,"column":25},"end":{"line":8,"column":37}},"1":{"start":{"line":8,"column":48},"end":{"line":8,"column":67}},"2":{"start":{"line":8,"column":78},"end":{"line":8,"column":94}},"3":{"start":{"line":8,"column":105},"end":{"line":8,"column":122}},"4":{"start":{"line":6,"column":12},"end":{"line":6,"column":null}},"5":{"start":{"line":10,"column":8},"end":{"line":10,"column":58}},"6":{"start":{"line":11,"column":8},"end":{"line":11,"column":25}},"7":{"start":{"line":12,"column":8},"end":{"line":12,"column":39}},"8":{"start":{"line":13,"column":8},"end":{"line":13,"column":33}},"9":{"start":{"line":14,"column":8},"end":{"line":14,"column":35}},"10":{"start":{"line":15,"column":8},"end":{"line":15,"column":null}},"11":{"start":{"line":19,"column":8},"end":{"line":19,"column":23}},"12":{"start":{"line":23,"column":8},"end":{"line":23,"column":25}},"13":{"start":{"line":27,"column":8},"end":{"line":27,"column":32}},"14":{"start":{"line":31,"column":8},"end":{"line":31,"column":29}},"15":{"start":{"line":35,"column":8},"end":{"line":35,"column":30}},"16":{"start":{"line":39,"column":8},"end":{"line":43,"column":9}},"17":{"start":{"line":40,"column":30},"end":{"line":40,"column":53}},"18":{"start":{"line":41,"column":12},"end":{"line":41,"column":32}},"19":{"start":{"line":42,"column":12},"end":{"line":42,"column":null}},"20":{"start":{"line":44,"column":8},"end":{"line":44,"column":null}},"21":{"start":{"line":48,"column":8},"end":{"line":51,"column":null}},"22":{"start":{"line":50,"column":16},"end":{"line":50,"column":91}},"23":{"start":{"line":55,"column":8},"end":{"line":55,"column":30}},"24":{"start":{"line":59,"column":8},"end":{"line":59,"column":26}},"25":{"start":{"line":63,"column":8},"end":{"line":65,"column":9}},"26":{"start":{"line":64,"column":12},"end":{"line":64,"column":44}},"27":{"start":{"line":66,"column":8},"end":{"line":68,"column":9}},"28":{"start":{"line":67,"column":12},"end":{"line":67,"column":49}},"29":{"start":{"line":69,"column":8},"end":{"line":71,"column":9}},"30":{"start":{"line":70,"column":12},"end":{"line":70,"column":58}},"31":{"start":{"line":72,"column":8},"end":{"line":74,"column":9}},"32":{"start":{"line":73,"column":12},"end":{"line":73,"column":53}},"33":{"start":{"line":4,"column":0},"end":{"line":4,"column":13}}},"fnMap":{"0":{"name":"(anonymous_0)","decl":{"start":{"line":8,"column":4},"end":{"line":8,"column":25}},"loc":{"start":{"line":8,"column":122},"end":{"line":16,"column":5}}},"1":{"name":"(anonymous_1)","decl":{"start":{"line":18,"column":4},"end":{"line":18,"column":9}},"loc":{"start":{"line":18,"column":9},"end":{"line":20,"column":5}}},"2":{"name":"(anonymous_2)","decl":{"start":{"line":22,"column":4},"end":{"line":22,"column":11}},"loc":{"start":{"line":22,"column":11},"end":{"line":24,"column":5}}},"3":{"name":"(anonymous_3)","decl":{"start":{"line":26,"column":4},"end":{"line":26,"column":18}},"loc":{"start":{"line":26,"column":18},"end":{"line":28,"column":5}}},"4":{"name":"(anonymous_4)","decl":{"start":{"line":30,"column":4},"end":{"line":30,"column":16}},"loc":{"start":{"line":30,"column":16},"end":{"line":32,"column":5}}},"5":{"name":"(anonymous_5)","decl":{"start":{"line":34,"column":4},"end":{"line":34,"column":24}},"loc":{"start":{"line":34,"column":24},"end":{"line":36,"column":5}}},"6":{"name":"(anonymous_6)","decl":{"start":{"line":38,"column":4},"end":{"line":38,"column":14}},"loc":{"start":{"line":38,"column":29},"end":{"line":45,"column":5}}},"7":{"name":"(anonymous_7)","decl":{"start":{"line":47,"column":4},"end":{"line":47,"column":14}},"loc":{"start":{"line":47,"column":35},"end":{"line":52,"column":5}}},"8":{"name":"(anonymous_8)","decl":{"start":{"line":49,"column":12},"end":{"line":49,"column":13}},"loc":{"start":{"line":50,"column":16},"end":{"line":50,"column":91}}},"9":{"name":"(anonymous_9)","decl":{"start":{"line":54,"column":4},"end":{"line":54,"column":13}},"loc":{"start":{"line":54,"column":27},"end":{"line":56,"column":5}}},"10":{"name":"(anonymous_10)","decl":{"start":{"line":58,"column":4},"end":{"line":58,"column":12}},"loc":{"start":{"line":58,"column":12},"end":{"line":60,"column":5}}},"11":{"name":"(anonymous_11)","decl":{"start":{"line":62,"column":12},"end":{"line":62,"column":20}},"loc":{"start":{"line":62,"column":91},"end":{"line":75,"column":5}}}},"branchMap":{"0":{"loc":{"start":{"line":39,"column":8},"end":{"line":43,"column":9}},"type":"if","locations":[{"start":{"line":39,"column":8},"end":{"line":43,"column":9}},{"start":{},"end":{}}]},"1":{"loc":{"start":{"line":50,"column":16},"end":{"line":50,"column":91}},"type":"binary-expr","locations":[{"start":{"line":50,"column":16},"end":{"line":50,"column":48}},{"start":{"line":50,"column":52},"end":{"line":50,"column":91}}]},"2":{"loc":{"start":{"line":63,"column":8},"end":{"line":65,"column":9}},"type":"if","locations":[{"start":{"line":63,"column":8},"end":{"line":65,"column":9}},{"start":{},"end":{}}]},"3":{"loc":{"start":{"line":66,"column":8},"end":{"line":68,"column":9}},"type":"if","locations":[{"start":{"line":66,"column":8},"end":{"line":68,"column":9}},{"start":{},"end":{}}]},"4":{"loc":{"start":{"line":69,"column":8},"end":{"line":71,"column":9}},"type":"if","locations":[{"start":{"line":69,"column":8},"end":{"line":71,"column":9}},{"start":{},"end":{}}]},"5":{"loc":{"start":{"line":72,"column":8},"end":{"line":74,"column":9}},"type":"if","locations":[{"start":{"line":72,"column":8},"end":{"line":74,"column":9}},{"start":{},"end":{}}]}},"s":{"0":12,"1":12,"2":12,"3":12,"4":12,"5":12,"6":12,"7":12,"8":12,"9":12,"10":12,"11":1,"12":1,"13":1,"14":9,"15":1,"16":11,"17":1,"18":1,"19":1,"20":10,"21":6,"22":2,"23":5,"24":1,"25":12,"26":1,"27":11,"28":1,"29":10,"30":1,"31":9,"32":1,"33":2},"f":{"0":12,"1":1,"2":1,"3":1,"4":9,"5":1,"6":11,"7":6,"8":2,"9":5,"10":1,"11":12},"b":{"0":[1,10],"1":[2,2],"2":[1,11],"3":[1,10],"4":[1,9],"5":[1,8]}}
,"C:\\Users\\GrupoITSS\\Documents\\GitHub\\fc4-tdd\\src\\domain\\entities\\user\\user.ts": {"path":"C:\\Users\\GrupoITSS\\Documents\\GitHub\\fc4-tdd\\src\\domain\\entities\\user\\user.ts","statementMap":{"0":{"start":{"line":13,"column":8},"end":{"line":13,"column":58}},"1":{"start":{"line":14,"column":8},"end":{"line":14,"column":null}},"2":{"start":{"line":15,"column":8},"end":{"line":15,"column":25}},"3":{"start":{"line":16,"column":8},"end":{"line":16,"column":27}},"4":{"start":{"line":21,"column":8},"end":{"line":23,"column":9}},"5":{"start":{"line":22,"column":12},"end":{"line":22,"column":null}},"6":{"start":{"line":25,"column":8},"end":{"line":27,"column":9}},"7":{"start":{"line":26,"column":12},"end":{"line":26,"column":null}},"8":{"start":{"line":7,"column":0},"end":{"line":7,"column":13}}},"fnMap":{"0":{"name":"(anonymous_0)","decl":{"start":{"line":12,"column":4},"end":{"line":12,"column":16}},"loc":{"start":{"line":12,"column":43},"end":{"line":18,"column":5}}},"1":{"name":"(anonymous_1)","decl":{"start":{"line":20,"column":12},"end":{"line":20,"column":26}},"loc":{"start":{"line":20,"column":54},"end":{"line":28,"column":5}}}},"branchMap":{"0":{"loc":{"start":{"line":21,"column":8},"end":{"line":23,"column":9}},"type":"if","locations":[{"start":{"line":21,"column":8},"end":{"line":23,"column":9}},{"start":{},"end":{}}]},"1":{"loc":{"start":{"line":25,"column":8},"end":{"line":27,"column":9}},"type":"if","locations":[{"start":{"line":25,"column":8},"end":{"line":27,"column":9}},{"start":{},"end":{}}]}},"s":{"0":10,"1":10,"2":8,"3":8,"4":10,"5":1,"6":9,"7":1,"8":2},"f":{"0":10,"1":10},"b":{"0":[1,9],"1":[1,8]}}
,"C:\\Users\\GrupoITSS\\Documents\\GitHub\\fc4-tdd\\src\\domain\\value_objects\\date_range.ts": {"path":"C:\\Users\\GrupoITSS\\Documents\\GitHub\\fc4-tdd\\src\\domain\\value_objects\\date_range.ts","statementMap":{"0":{"start":{"line":5,"column":8},"end":{"line":5,"column":null}},"1":{"start":{"line":6,"column":8},"end":{"line":6,"column":35}},"2":{"start":{"line":7,"column":8},"end":{"line":7,"column":31}},"3":{"start":{"line":11,"column":25},"end":{"line":11,"column":74}},"4":{"start":{"line":12,"column":8},"end":{"line":12,"column":56}},"5":{"start":{"line":16,"column":8},"end":{"line":16,"column":30}},"6":{"start":{"line":20,"column":8},"end":{"line":20,"column":28}},"7":{"start":{"line":24,"column":8},"end":{"line":24,"column":85}},"8":{"start":{"line":28,"column":8},"end":{"line":30,"column":9}},"9":{"start":{"line":29,"column":12},"end":{"line":29,"column":null}},"10":{"start":{"line":1,"column":0},"end":{"line":1,"column":13}}},"fnMap":{"0":{"name":"(anonymous_0)","decl":{"start":{"line":4,"column":4},"end":{"line":4,"column":17}},"loc":{"start":{"line":4,"column":47},"end":{"line":8,"column":5}}},"1":{"name":"(anonymous_1)","decl":{"start":{"line":10,"column":4},"end":{"line":10,"column":18}},"loc":{"start":{"line":10,"column":18},"end":{"line":13,"column":5}}},"2":{"name":"(anonymous_2)","decl":{"start":{"line":15,"column":4},"end":{"line":15,"column":16}},"loc":{"start":{"line":15,"column":16},"end":{"line":17,"column":5}}},"3":{"name":"(anonymous_3)","decl":{"start":{"line":19,"column":4},"end":{"line":19,"column":14}},"loc":{"start":{"line":19,"column":14},"end":{"line":21,"column":5}}},"4":{"name":"(anonymous_4)","decl":{"start":{"line":23,"column":4},"end":{"line":23,"column":12}},"loc":{"start":{"line":23,"column":28},"end":{"line":25,"column":5}}},"5":{"name":"(anonymous_5)","decl":{"start":{"line":27,"column":12},"end":{"line":27,"column":25}},"loc":{"start":{"line":27,"column":56},"end":{"line":31,"column":5}}}},"branchMap":{"0":{"loc":{"start":{"line":24,"column":15},"end":{"line":24,"column":84}},"type":"binary-expr","locations":[{"start":{"line":24,"column":15},"end":{"line":24,"column":45}},{"start":{"line":24,"column":49},"end":{"line":24,"column":84}}]},"1":{"loc":{"start":{"line":28,"column":8},"end":{"line":30,"column":9}},"type":"if","locations":[{"start":{"line":28,"column":8},"end":{"line":30,"column":9}},{"start":{},"end":{}}]}},"s":{"0":16,"1":14,"2":14,"3":13,"4":13,"5":4,"6":1,"7":3,"8":16,"9":2,"10":3},"f":{"0":16,"1":13,"2":4,"3":1,"4":3,"5":16},"b":{"0":[3,3],"1":[2,14]}}
}
