TN:
SF:src\domain\entities\booking\booking.ts
FN:13,(anonymous_0)
FN:22,(anonymous_1)
FN:26,(anonymous_2)
FN:30,(anonymous_3)
FN:34,(anonymous_4)
FN:38,(anonymous_5)
FN:42,(anonymous_6)
FNF:7
FNH:7
FNDA:3,(anonymous_0)
FNDA:1,(anonymous_1)
FNDA:1,(anonymous_2)
FNDA:1,(anonymous_3)
FNDA:1,(anonymous_4)
FNDA:1,(anonymous_5)
FNDA:3,(anonymous_6)
DA:5,1
DA:11,3
DA:14,3
DA:15,3
DA:16,3
DA:17,3
DA:18,3
DA:19,3
DA:23,1
DA:27,1
DA:31,1
DA:35,1
DA:39,1
DA:43,3
DA:44,1
LF:15
LH:15
BRDA:43,0,0,1
BRDA:43,0,1,2
BRF:2
BRH:2
end_of_record
TN:
SF:src\domain\entities\property\property.ts
FN:4,(anonymous_0)
FN:14,(anonymous_1)
FN:18,(anonymous_2)
FN:22,(anonymous_3)
FN:26,(anonymous_4)
FN:30,(anonymous_5)
FN:34,(anonymous_6)
FN:43,(anonymous_7)
FNF:8
FNH:8
FNDA:9,(anonymous_0)
FNDA:1,(anonymous_1)
FNDA:1,(anonymous_2)
FNDA:1,(anonymous_3)
FNDA:5,(anonymous_4)
FNDA:1,(anonymous_5)
FNDA:2,(anonymous_6)
FNDA:9,(anonymous_7)
DA:1,2
DA:4,9
DA:6,9
DA:7,9
DA:8,9
DA:9,9
DA:10,9
DA:11,9
DA:15,1
DA:19,1
DA:23,1
DA:27,5
DA:31,1
DA:35,2
DA:36,1
DA:37,1
DA:38,1
DA:40,1
DA:44,9
DA:45,1
DA:47,8
DA:48,1
DA:50,7
DA:51,1
DA:53,6
DA:54,1
LF:26
LH:26
BRDA:35,0,0,1
BRDA:35,0,1,1
BRDA:44,1,0,1
BRDA:44,1,1,8
BRDA:47,2,0,1
BRDA:47,2,1,7
BRDA:50,3,0,1
BRDA:50,3,1,6
BRDA:53,4,0,1
BRDA:53,4,1,5
BRF:10
BRH:10
end_of_record
TN:
SF:src\domain\entities\user\user.ts
FN:12,(anonymous_0)
FN:20,(anonymous_1)
FNF:2
FNH:2
FNDA:5,(anonymous_0)
FNDA:5,(anonymous_1)
DA:7,2
DA:13,5
DA:14,5
DA:15,3
DA:16,3
DA:21,5
DA:22,1
DA:25,4
DA:26,1
LF:9
LH:9
BRDA:21,0,0,1
BRDA:21,0,1,4
BRDA:25,1,0,1
BRDA:25,1,1,3
BRF:4
BRH:4
end_of_record
TN:
SF:src\domain\value_objects\date_range.ts
FN:4,(anonymous_0)
FN:10,(anonymous_1)
FN:15,(anonymous_2)
FN:19,(anonymous_3)
FN:23,(anonymous_4)
FN:27,(anonymous_5)
FNF:6
FNH:6
FNDA:11,(anonymous_0)
FNDA:4,(anonymous_1)
FNDA:1,(anonymous_2)
FNDA:2,(anonymous_3)
FNDA:1,(anonymous_4)
FNDA:11,(anonymous_5)
DA:1,3
DA:5,11
DA:6,9
DA:7,9
DA:11,4
DA:12,4
DA:16,1
DA:20,2
DA:24,1
DA:28,11
DA:29,2
LF:11
LH:11
BRDA:24,0,0,1
BRDA:24,0,1,1
BRDA:28,1,0,2
BRDA:28,1,1,9
BRF:4
BRH:4
end_of_record
