TN:
SF:src\domain\entities\booking\booking.ts
FN:14,(anonymous_0)
FN:30,(anonymous_1)
FN:34,(anonymous_2)
FN:38,(anonymous_3)
FN:42,(anonymous_4)
FN:46,(anonymous_5)
FN:50,(anonymous_6)
FN:54,(anonymous_7)
FN:60,(anonymous_8)
FNF:9
FNH:9
FNDA:7,(anonymous_0)
FNDA:4,(anonymous_1)
FNDA:1,(anonymous_2)
FNDA:1,(anonymous_3)
FNDA:3,(anonymous_4)
FNDA:3,(anonymous_5)
FNDA:8,(anonymous_6)
FNDA:7,(anonymous_7)
FNDA:6,(anonymous_8)
DA:5,1
DA:11,7
DA:15,7
DA:16,7
DA:17,7
DA:18,7
DA:19,7
DA:20,7
DA:21,7
DA:22,7
DA:23,6
DA:27,5
DA:31,4
DA:35,1
DA:39,1
DA:43,3
DA:47,3
DA:51,8
DA:55,7
DA:56,1
DA:61,6
DA:62,1
LF:22
LH:22
BRDA:55,0,0,1
BRDA:55,0,1,6
BRDA:61,1,0,1
BRDA:61,1,1,5
BRF:4
BRH:4
end_of_record
TN:
SF:src\domain\entities\property\property.ts
FN:8,(anonymous_0)
FN:18,(anonymous_1)
FN:22,(anonymous_2)
FN:26,(anonymous_3)
FN:30,(anonymous_4)
FN:34,(anonymous_5)
FN:38,(anonymous_6)
FN:47,(anonymous_7)
FN:49,(anonymous_8)
FN:54,(anonymous_9)
FN:58,(anonymous_10)
FN:62,(anonymous_11)
FNF:12
FNH:12
FNDA:12,(anonymous_0)
FNDA:1,(anonymous_1)
FNDA:1,(anonymous_2)
FNDA:1,(anonymous_3)
FNDA:9,(anonymous_4)
FNDA:1,(anonymous_5)
FNDA:11,(anonymous_6)
FNDA:6,(anonymous_7)
FNDA:2,(anonymous_8)
FNDA:5,(anonymous_9)
FNDA:1,(anonymous_10)
FNDA:12,(anonymous_11)
DA:4,2
DA:6,12
DA:8,12
DA:10,12
DA:11,12
DA:12,12
DA:13,12
DA:14,12
DA:15,12
DA:19,1
DA:23,1
DA:27,1
DA:31,9
DA:35,1
DA:39,11
DA:40,1
DA:41,1
DA:42,1
DA:44,10
DA:48,6
DA:50,2
DA:55,5
DA:59,1
DA:63,12
DA:64,1
DA:66,11
DA:67,1
DA:69,10
DA:70,1
DA:72,9
DA:73,1
LF:31
LH:31
BRDA:39,0,0,1
BRDA:39,0,1,10
BRDA:50,1,0,2
BRDA:50,1,1,2
BRDA:63,2,0,1
BRDA:63,2,1,11
BRDA:66,3,0,1
BRDA:66,3,1,10
BRDA:69,4,0,1
BRDA:69,4,1,9
BRDA:72,5,0,1
BRDA:72,5,1,8
BRF:12
BRH:12
end_of_record
TN:
SF:src\domain\entities\user\user.ts
FN:12,(anonymous_0)
FN:20,(anonymous_1)
FNF:2
FNH:2
FNDA:10,(anonymous_0)
FNDA:10,(anonymous_1)
DA:7,2
DA:13,10
DA:14,10
DA:15,8
DA:16,8
DA:21,10
DA:22,1
DA:25,9
DA:26,1
LF:9
LH:9
BRDA:21,0,0,1
BRDA:21,0,1,9
BRDA:25,1,0,1
BRDA:25,1,1,8
BRF:4
BRH:4
end_of_record
TN:
SF:src\domain\value_objects\date_range.ts
FN:4,(anonymous_0)
FN:10,(anonymous_1)
FN:15,(anonymous_2)
FN:19,(anonymous_3)
FN:23,(anonymous_4)
FN:27,(anonymous_5)
FNF:6
FNH:6
FNDA:16,(anonymous_0)
FNDA:13,(anonymous_1)
FNDA:4,(anonymous_2)
FNDA:1,(anonymous_3)
FNDA:3,(anonymous_4)
FNDA:16,(anonymous_5)
DA:1,3
DA:5,16
DA:6,14
DA:7,14
DA:11,13
DA:12,13
DA:16,4
DA:20,1
DA:24,3
DA:28,16
DA:29,2
LF:11
LH:11
BRDA:24,0,0,3
BRDA:24,0,1,3
BRDA:28,1,0,2
BRDA:28,1,1,14
BRF:4
BRH:4
end_of_record
